[2020-05-06 15:07:15,564] (INFO) T140342545356608 : Successfully parsed config file
[2020-05-06 15:07:15,571] (INFO) T140342545356608 : Connecting...
[2020-05-06 15:07:15,575] (INFO) T140342545356608 : Connected!
[2020-05-06 15:07:15,878] (INFO) T140342545356608 : {'name': 'Window Capture (Xcomposite)', 'type': 'input', 'typeId': 'xcomposite_input'}
[2020-05-06 15:07:15,878] (INFO) T140342545356608 : {'name': 'webcam', 'type': 'input', 'typeId': 'v4l2_input'}
[2020-05-06 15:07:15,878] (INFO) T140342545356608 : {'name': 'Mic/Aux', 'type': 'input', 'typeId': 'pulse_input_capture'}
[2020-05-06 15:07:15,878] (INFO) T140342545356608 : {'name': 'Desktop Audio', 'type': 'input', 'typeId': 'pulse_output_capture'}
[2020-05-06 15:07:15,978] (INFO) T140342545356608 : Create Make Class
[2020-05-06 15:07:15,978] (INFO) T140342545356608 : make update
[2020-05-06 15:07:15,979] (INFO) T140342545356608 : note_on
[2020-05-06 15:07:15,979] (INFO) T140342545356608 : 2
[2020-05-06 15:07:15,980] (INFO) T140342545356608 : button
[2020-05-06 15:07:15,980] (INFO) T140342545356608 : 0
[2020-05-06 15:07:15,980] (INFO) T140342545356608 : Midi Through:Midi Through Port-0 14:0
[2020-05-06 15:07:15,980] (INFO) T140342545356608 : 0
[2020-05-06 15:07:15,981] (INFO) T140342545356608 : SetCurrentScene
[2020-05-06 15:07:15,981] (INFO) T140342545356608 : 0
[2020-05-06 15:07:15,981] (INFO) T140342545356608 : blanknum: 2
[2020-05-06 15:07:15,981] (INFO) T140342545356608 : actnum: 0
[2020-05-06 15:07:15,982] (INFO) T140342545356608 :  act: scene-name
[2020-05-06 15:07:15,982] (INFO) T140342545356608 : Actions: self.Make.Combo(sceneListShort,                             row, col, extra)
[2020-05-06 15:07:15,982] (INFO) T140342545356608 : ('Starting',)
[2020-05-06 15:07:15,982] (INFO) T140342545356608 : -1
[2020-05-06 15:07:15,983] (INFO) T140342545356608 : note_on
[2020-05-06 15:07:15,983] (INFO) T140342545356608 : 2
[2020-05-06 15:07:15,983] (INFO) T140342545356608 : button
[2020-05-06 15:07:15,983] (INFO) T140342545356608 : 0
[2020-05-06 15:07:15,983] (INFO) T140342545356608 : Midi Through:Midi Through Port-0 14:0
[2020-05-06 15:07:15,984] (INFO) T140342545356608 : 0
[2020-05-06 15:07:15,984] (INFO) T140342545356608 : SetCurrentScene
[2020-05-06 15:07:15,984] (INFO) T140342545356608 : 0
[2020-05-06 15:07:15,984] (INFO) T140342545356608 : blanknum: 2
[2020-05-06 15:07:15,985] (INFO) T140342545356608 : actnum: 0
[2020-05-06 15:07:15,985] (INFO) T140342545356608 :  act: scene-name
[2020-05-06 15:07:15,985] (INFO) T140342545356608 : Actions: self.Make.Combo(sceneListShort,                             row, col, extra)
[2020-05-06 15:07:15,985] (INFO) T140342545356608 : ('Talk',)
[2020-05-06 15:07:15,985] (INFO) T140342545356608 : -1
[2020-05-06 15:07:15,986] (INFO) T140342545356608 : note_on
[2020-05-06 15:07:15,986] (INFO) T140342545356608 : 2
[2020-05-06 15:07:15,986] (INFO) T140342545356608 : button
[2020-05-06 15:07:15,986] (INFO) T140342545356608 : 0
[2020-05-06 15:07:15,987] (INFO) T140342545356608 : Midi Through:Midi Through Port-0 14:0
[2020-05-06 15:07:15,987] (INFO) T140342545356608 : 0
[2020-05-06 15:07:15,987] (INFO) T140342545356608 : SetCurrentScene
[2020-05-06 15:07:15,987] (INFO) T140342545356608 : 0
[2020-05-06 15:07:15,988] (INFO) T140342545356608 : blanknum: 2
[2020-05-06 15:07:15,988] (INFO) T140342545356608 : actnum: 0
[2020-05-06 15:07:15,988] (INFO) T140342545356608 :  act: scene-name
[2020-05-06 15:07:15,988] (INFO) T140342545356608 : Actions: self.Make.Combo(sceneListShort,                             row, col, extra)
[2020-05-06 15:07:15,988] (INFO) T140342545356608 : ('In Game',)
[2020-05-06 15:07:15,988] (INFO) T140342545356608 : -1
[2020-05-06 15:07:15,989] (INFO) T140342545356608 : control_change
[2020-05-06 15:07:15,989] (INFO) T140342545356608 : 0
[2020-05-06 15:07:15,989] (INFO) T140342545356608 : fader
[2020-05-06 15:07:15,989] (INFO) T140342545356608 : 1
[2020-05-06 15:07:15,990] (INFO) T140342545356608 : Midi Through:Midi Through Port-0 14:0
[2020-05-06 15:07:15,990] (INFO) T140342545356608 : 0
[2020-05-06 15:07:15,990] (INFO) T140342545356608 : SetVolume
[2020-05-06 15:07:15,990] (INFO) T140342545356608 : 0
[2020-05-06 15:07:15,990] (INFO) T140342545356608 : blanknum: 2
[2020-05-06 15:07:15,990] (INFO) T140342545356608 : actnum: 0
[2020-05-06 15:07:15,990] (INFO) T140342545356608 :  act: source
[2020-05-06 15:07:15,991] (INFO) T140342545356608 : Actions: self.Make.Combo(sourceListShort,                            row, col, extra)
[2020-05-06 15:07:15,991] (INFO) T140342545356608 : ('Desktop Audio',)
[2020-05-06 15:07:15,991] (INFO) T140342545356608 : -1
[2020-05-06 15:07:15,992] (INFO) T140342545356608 : control_change
[2020-05-06 15:07:15,992] (INFO) T140342545356608 : 0
[2020-05-06 15:07:15,992] (INFO) T140342545356608 : fader
[2020-05-06 15:07:15,992] (INFO) T140342545356608 : 1
[2020-05-06 15:07:15,993] (INFO) T140342545356608 : Midi Through:Midi Through Port-0 14:0
[2020-05-06 15:07:15,993] (INFO) T140342545356608 : 0
[2020-05-06 15:07:15,993] (INFO) T140342545356608 : SetVolume
[2020-05-06 15:07:15,993] (INFO) T140342545356608 : 0
[2020-05-06 15:07:15,993] (INFO) T140342545356608 : blanknum: 2
[2020-05-06 15:07:15,994] (INFO) T140342545356608 : actnum: 0
[2020-05-06 15:07:15,994] (INFO) T140342545356608 :  act: source
[2020-05-06 15:07:15,994] (INFO) T140342545356608 : Actions: self.Make.Combo(sourceListShort,                            row, col, extra)
[2020-05-06 15:07:15,994] (INFO) T140342545356608 : ('Mic/Aux',)
[2020-05-06 15:07:15,994] (INFO) T140342545356608 : -1
[2020-05-06 15:07:35,087] (INFO) T140342545356608 : Change in col: 3
[2020-05-06 15:07:43,853] (INFO) T140342545356608 : Change in col: 3
[2020-05-06 15:07:46,274] (INFO) T140342545356608 : Change in col: 3
[2020-05-06 15:07:48,325] (INFO) T140342545356608 : Change in col: 5
[2020-05-06 15:07:48,325] (INFO) T140342545356608 : Changed Option 1
[2020-05-06 15:07:48,325] (INFO) T140342545356608 : blanknum: 2
[2020-05-06 15:07:48,325] (INFO) T140342545356608 : actnum: 0
[2020-05-06 15:07:48,325] (INFO) T140342545356608 :  act: scene-name
[2020-05-06 15:07:48,325] (INFO) T140342545356608 : Actions: self.Make.Combo(sceneListShort,                             row, col, extra)
[2020-05-06 15:07:48,326] (INFO) T140342545356608 : None
[2020-05-06 15:07:48,326] (INFO) T140342545356608 : -1
[2020-05-06 15:07:50,158] (INFO) T140342545356608 : Change in col: 5
[2020-05-06 15:07:50,158] (INFO) T140342545356608 : Changed Option 1
[2020-05-06 15:07:50,158] (INFO) T140342545356608 : blanknum: 2
[2020-05-06 15:07:50,158] (INFO) T140342545356608 : actnum: 0
[2020-05-06 15:07:50,158] (INFO) T140342545356608 :  act: source
[2020-05-06 15:07:50,158] (INFO) T140342545356608 : Actions: self.Make.Combo(sourceListShort,                            row, col, extra)
[2020-05-06 15:07:50,159] (INFO) T140342545356608 : None
[2020-05-06 15:07:50,159] (INFO) T140342545356608 : -1
[2020-05-06 15:07:52,253] (INFO) T140342545356608 : Change in col: 5
[2020-05-06 15:07:52,253] (INFO) T140342545356608 : Changed Option 1
[2020-05-06 15:07:52,253] (INFO) T140342545356608 : blanknum: 2
[2020-05-06 15:07:52,253] (INFO) T140342545356608 : actnum: 0
[2020-05-06 15:07:52,253] (INFO) T140342545356608 :  act: source
[2020-05-06 15:07:52,253] (INFO) T140342545356608 : Actions: self.Make.Combo(sourceListShort,                            row, col, extra)
[2020-05-06 15:07:52,254] (INFO) T140342545356608 : None
[2020-05-06 15:07:52,254] (INFO) T140342545356608 : -1
[2020-05-06 15:22:46,898] (INFO) T140094249961280 : Successfully parsed config file
[2020-05-06 15:22:46,905] (INFO) T140094249961280 : Connecting...
[2020-05-06 15:22:46,908] (INFO) T140094249961280 : Connected!
[2020-05-06 15:22:47,211] (INFO) T140094249961280 : {'name': 'Window Capture (Xcomposite)', 'type': 'input', 'typeId': 'xcomposite_input'}
[2020-05-06 15:22:47,211] (INFO) T140094249961280 : {'name': 'webcam', 'type': 'input', 'typeId': 'v4l2_input'}
[2020-05-06 15:22:47,211] (INFO) T140094249961280 : {'name': 'Mic/Aux', 'type': 'input', 'typeId': 'pulse_input_capture'}
[2020-05-06 15:22:47,211] (INFO) T140094249961280 : {'name': 'Desktop Audio', 'type': 'input', 'typeId': 'pulse_output_capture'}
[2020-05-06 15:22:47,312] (INFO) T140094249961280 : Create Make Class
[2020-05-06 15:22:47,312] (INFO) T140094249961280 : make update
[2020-05-06 15:22:47,315] (INFO) T140094249961280 : note_on
[2020-05-06 15:22:47,315] (INFO) T140094249961280 : 2
[2020-05-06 15:22:47,316] (INFO) T140094249961280 : button
[2020-05-06 15:22:47,316] (INFO) T140094249961280 : 0
[2020-05-06 15:22:47,316] (INFO) T140094249961280 : Midi Through:Midi Through Port-0 14:0
[2020-05-06 15:22:47,316] (INFO) T140094249961280 : 0
[2020-05-06 15:22:47,317] (INFO) T140094249961280 : SetCurrentScene
[2020-05-06 15:22:47,317] (INFO) T140094249961280 : 0
[2020-05-06 15:22:47,317] (INFO) T140094249961280 : blanknum: 2
[2020-05-06 15:22:47,317] (INFO) T140094249961280 : actnum: 0
[2020-05-06 15:22:47,317] (INFO) T140094249961280 :  act: scene-name
[2020-05-06 15:22:47,317] (INFO) T140094249961280 : Actions: self.Make.Combo(sceneListShort,                             row, col, extra)
[2020-05-06 15:22:47,318] (INFO) T140094249961280 : ('Starting',)
[2020-05-06 15:22:47,318] (INFO) T140094249961280 : -1
[2020-05-06 15:22:47,319] (INFO) T140094249961280 : note_on
[2020-05-06 15:22:47,319] (INFO) T140094249961280 : 2
[2020-05-06 15:22:47,319] (INFO) T140094249961280 : button
[2020-05-06 15:22:47,319] (INFO) T140094249961280 : 0
[2020-05-06 15:22:47,320] (INFO) T140094249961280 : Midi Through:Midi Through Port-0 14:0
[2020-05-06 15:22:47,320] (INFO) T140094249961280 : 0
[2020-05-06 15:22:47,321] (INFO) T140094249961280 : SetCurrentScene
[2020-05-06 15:22:47,321] (INFO) T140094249961280 : 0
[2020-05-06 15:22:47,321] (INFO) T140094249961280 : blanknum: 2
[2020-05-06 15:22:47,321] (INFO) T140094249961280 : actnum: 0
[2020-05-06 15:22:47,321] (INFO) T140094249961280 :  act: scene-name
[2020-05-06 15:22:47,321] (INFO) T140094249961280 : Actions: self.Make.Combo(sceneListShort,                             row, col, extra)
[2020-05-06 15:22:47,321] (INFO) T140094249961280 : ('Talk',)
[2020-05-06 15:22:47,322] (INFO) T140094249961280 : -1
[2020-05-06 15:22:47,322] (INFO) T140094249961280 : note_on
[2020-05-06 15:22:47,322] (INFO) T140094249961280 : 2
[2020-05-06 15:22:47,323] (INFO) T140094249961280 : button
[2020-05-06 15:22:47,323] (INFO) T140094249961280 : 0
[2020-05-06 15:22:47,323] (INFO) T140094249961280 : Midi Through:Midi Through Port-0 14:0
[2020-05-06 15:22:47,323] (INFO) T140094249961280 : 0
[2020-05-06 15:22:47,324] (INFO) T140094249961280 : SetCurrentScene
[2020-05-06 15:22:47,324] (INFO) T140094249961280 : 0
[2020-05-06 15:22:47,324] (INFO) T140094249961280 : blanknum: 2
[2020-05-06 15:22:47,324] (INFO) T140094249961280 : actnum: 0
[2020-05-06 15:22:47,324] (INFO) T140094249961280 :  act: scene-name
[2020-05-06 15:22:47,324] (INFO) T140094249961280 : Actions: self.Make.Combo(sceneListShort,                             row, col, extra)
[2020-05-06 15:22:47,325] (INFO) T140094249961280 : ('In Game',)
[2020-05-06 15:22:47,325] (INFO) T140094249961280 : -1
[2020-05-06 15:22:47,325] (INFO) T140094249961280 : control_change
[2020-05-06 15:22:47,325] (INFO) T140094249961280 : 0
[2020-05-06 15:22:47,326] (INFO) T140094249961280 : fader
[2020-05-06 15:22:47,326] (INFO) T140094249961280 : 1
[2020-05-06 15:22:47,326] (INFO) T140094249961280 : Midi Through:Midi Through Port-0 14:0
[2020-05-06 15:22:47,326] (INFO) T140094249961280 : 0
[2020-05-06 15:22:47,327] (INFO) T140094249961280 : SetVolume
[2020-05-06 15:22:47,327] (INFO) T140094249961280 : 0
[2020-05-06 15:22:47,327] (INFO) T140094249961280 : blanknum: 2
[2020-05-06 15:22:47,327] (INFO) T140094249961280 : actnum: 0
[2020-05-06 15:22:47,327] (INFO) T140094249961280 :  act: source
[2020-05-06 15:22:47,327] (INFO) T140094249961280 : Actions: self.Make.Combo(sourceListShort,                            row, col, extra)
[2020-05-06 15:22:47,328] (INFO) T140094249961280 : ('Desktop Audio',)
[2020-05-06 15:22:47,328] (INFO) T140094249961280 : -1
[2020-05-06 15:22:47,328] (INFO) T140094249961280 : control_change
[2020-05-06 15:22:47,328] (INFO) T140094249961280 : 0
[2020-05-06 15:22:47,329] (INFO) T140094249961280 : fader
[2020-05-06 15:22:47,329] (INFO) T140094249961280 : 1
[2020-05-06 15:22:47,329] (INFO) T140094249961280 : Midi Through:Midi Through Port-0 14:0
[2020-05-06 15:22:47,329] (INFO) T140094249961280 : 0
[2020-05-06 15:22:47,330] (INFO) T140094249961280 : SetVolume
[2020-05-06 15:22:47,330] (INFO) T140094249961280 : 0
[2020-05-06 15:22:47,330] (INFO) T140094249961280 : blanknum: 2
[2020-05-06 15:22:47,330] (INFO) T140094249961280 : actnum: 0
[2020-05-06 15:22:47,330] (INFO) T140094249961280 :  act: source
[2020-05-06 15:22:47,330] (INFO) T140094249961280 : Actions: self.Make.Combo(sourceListShort,                            row, col, extra)
[2020-05-06 15:22:47,330] (INFO) T140094249961280 : ('Mic/Aux',)
[2020-05-06 15:22:47,331] (INFO) T140094249961280 : -1
